<?xml version="1.0" encoding="UTF-8"?>
<!-- Generated by org.testng.reporters.JUnitReportReporter -->
<testsuite hostname="COLLABPH1003073" failures="0" tests="1" name="com.browserstack.FinalExamPOC_MyBank_02" time="45.436" errors="0" timestamp="2023-12-06T04:19:43 SGT" skipped="0">
  <testcase classname="com.browserstack.FinalExamPOC_MyBank_02" name="myBank_02" time="45.436"/>
  <system-out>
    <![CDATA[    
Test case 2 Start
Navigate View Accounts Page
 - PASSED : View Account was clicked
Navigate User: Meenakshi
 - PASSED : Meenakshi was clicked
Validate Users details field if displayed:
 - PASSED : Field Name: with data Meenakshi is Displayed
 - PASSED : Field Account Number : with data 9111234568524 is Displayed
 - PASSED : Field Email Id : with data meenu99@gmail.com is Displayed
 - PASSED : Field Mobile Number : with data 1234567892 is Displayed
 - PASSED : Field IFSC Code with data CAB87654321 is Displayed
 - PASSED : Field Current balance : with data 1,359.56 is Displayed
Test case 2 : Finished
    ]]>
  </system-out>
</testsuite> <!-- com.browserstack.FinalExamPOC_MyBank_02 -->
