<?xml version="1.0" encoding="UTF-8"?>
<!-- Generated by org.testng.reporters.JUnitReportReporter -->
<testsuite hostname="COLLABPH1003073" failures="0" tests="3" name="com.browserstack.FinalExamPOC" time="116.174" errors="0" timestamp="2023-12-04T11:55:06 SGT" skipped="0">
  <testcase classname="com.browserstack.FinalExamPOC" name="myBank_02" time="39.719"/>
  <system-out>
    <![CDATA[    
Test case 2 Start
Navigate View Accounts Page
View Account was clicked
Navigate User: Shebon
Shebon was clicked
Validate Users details field if displayed:
Field Name: with data Shebon is Displayed
Field Account Number : with data 9111234562567 is Displayed
Field Email Id : with data karen99@gmail.com is Displayed
Field Mobile Number : with data 1234567895 is Displayed
Field IFSC Code with data CAB54321098 is Displayed
Field Current balance : with data 945.16 is Displayed
Test case 2 : Finished
    ]]>
  </system-out>
  <testcase classname="com.browserstack.FinalExamPOC" name="myBank_01" time="34.677"/>
  <system-out>
    <![CDATA[    
Test case 1 Start
Navigate View Accounts Page
View Account was clicked
Verify 'Banking System' text from header if Displayed:
Banking System text is displayed
PASSED : Text is at the correct position
Get and log the accounts listed in the page:
PASSED : Account 1 details : Account Number: 9111234561644 Customer Name: Cyril
PASSED : Account 2 details : Account Number: 9111234562463 Customer Name: Neomi
PASSED : Account 3 details : Account Number: 9111234562567 Customer Name: Shebon
PASSED : Account 4 details : Account Number: 9111234562685 Customer Name: Chandichen
PASSED : Account 5 details : Account Number: 9111234563473 Customer Name: Nikita
PASSED : Account 6 details : Account Number: 9111234563567 Customer Name: Chandni
PASSED : Account 7 details : Account Number: 9111234563573 Customer Name: Alka
PASSED : Account 8 details : Account Number: 9111234563664 Customer Name: Athul
PASSED : number of accounts listed: 8
Test case 1 : Finished
    ]]>
  </system-out>
  <testcase classname="com.browserstack.FinalExamPOC" name="myBank_03" time="41.778"/>
  <system-out>
    <![CDATA[    
Test case 3 Start
Navigate View Accounts Page
View Account was clicked
Navigate User: Nikita as Sender
Nikita was clicked
Processing Transfer of Money
Transfer Money was clicked
Send money with amount:500.0
Send Money was clicked
Navigate User: Shebon as the Receiver
Shebon was clicked
Toast message verified
Money from Nikita is sent to Shebon with amount of 500.0 is transfered successfully
Test case 3 : Finished
    
    
Test case 4 Start
Navigate Transaction History Page
History was clicked
Checking Transaction History Page
Transaction : Money with amount of 500.00 from Nikita that sent to Shebon is Displayed in Transaction History Page.
Test case 4 : Finished
    ]]>
  </system-out>
</testsuite> <!-- com.browserstack.FinalExamPOC -->
