<?xml version="1.0" encoding="UTF-8"?>
<!-- Generated by org.testng.reporters.JUnitReportReporter -->
<testsuite hostname="COLLABPH1003073" failures="0" tests="1" name="com.myBank.testdata.TestData" time="0.019" errors="0" timestamp="2023-12-13T04:09:32 SGT" skipped="0">
  <testcase classname="com.myBank.testdata.TestData" name="getData" time="0.019"/>
  <system-out/>
</testsuite> <!-- com.myBank.testdata.TestData -->
