<?xml version="1.0" encoding="UTF-8"?>
<!-- Generated by org.testng.reporters.JUnitReportReporter -->
<testsuite hostname="COLLABPH1003073" failures="0" tests="1" name="com.browserstack.FinalExamPOC_MyBank_01" time="54.764" errors="0" timestamp="2023-12-13T11:15:38 SGT" skipped="0">
  <testcase classname="com.browserstack.FinalExamPOC_MyBank_01" name="myBank_01" time="54.764"/>
  <system-out>
    <![CDATA[    
Test case 1 Start
Navigate View Accounts Page
 - PASSED : View Account was clicked
Verify 'Banking System' text from header if Displayed:
 - PASSED : Banking System text is displayed
 - PASSED : Text is at the correct position
Get and Log the accounts listed in the page:
 - PASSED : Account 1 details : Account Number: 9111234561644 Customer Name: Cyril
 - PASSED : Account 2 details : Account Number: 9111234562463 Customer Name: Neomi
 - PASSED : Account 3 details : Account Number: 9111234562567 Customer Name: Shebon
 - PASSED : Account 4 details : Account Number: 9111234562685 Customer Name: Chandichen
 - PASSED : Account 5 details : Account Number: 9111234563473 Customer Name: Nikita
 - PASSED : Account 6 details : Account Number: 9111234563567 Customer Name: Chandni
 - PASSED : Account 7 details : Account Number: 9111234563573 Customer Name: Alka
 - PASSED : Account 8 details : Account Number: 9111234563664 Customer Name: Athul
 - PASSED : number of accounts listed: 8
Test case 1 : Finished
    ]]>
  </system-out>
</testsuite> <!-- com.browserstack.FinalExamPOC_MyBank_01 -->
