<?xml version="1.0" encoding="UTF-8"?>
<!-- Generated by org.testng.reporters.JUnitReportReporter -->
<testsuite hostname="COLLABPH1003073" failures="1" tests="1" name="com.browserstack.FinalExamPOC_MyBank_04" time="67.138" errors="0" timestamp="2023-12-13T11:15:38 SGT" skipped="0">
  <testcase classname="com.browserstack.FinalExamPOC_MyBank_04" name="myBank_04" time="67.138">
    <failure message="The following asserts failed:
	 - FAILED : Insufficient User Balance,
	 - FAILED : Transaction has been cancelled by Meenakshi" type="java.lang.AssertionError">
      <![CDATA[java.lang.AssertionError: The following asserts failed:
 - FAILED : Insufficient User Balance,
 - FAILED : Transaction has been cancelled by Meenakshi
at org.testng.asserts.SoftAssert.assertAll(SoftAssert.java:46)
at org.testng.asserts.SoftAssert.assertAll(SoftAssert.java:30)
at com.myBank.utility.Utils.getAssertions(Utils.java:227)
at com.browserstack.FinalExamPOC_MyBank_04.myBank_04(FinalExamPOC_MyBank_04.java:34)
at java.base/jdk.internal.reflect.NativeMethodAccessorImpl.invoke0(Native Method)
at java.base/jdk.internal.reflect.NativeMethodAccessorImpl.invoke(NativeMethodAccessorImpl.java:77)
at java.base/jdk.internal.reflect.DelegatingMethodAccessorImpl.invoke(DelegatingMethodAccessorImpl.java:43)
at java.base/java.lang.reflect.Method.invoke(Method.java:568)
at org.testng.internal.invokers.MethodInvocationHelper.invokeMethod(MethodInvocationHelper.java:135)
at org.testng.internal.invokers.TestInvoker.invokeMethod(TestInvoker.java:673)
at org.testng.internal.invokers.TestInvoker.invokeTestMethod(TestInvoker.java:220)
at org.testng.internal.invokers.MethodRunner.runInSequence(MethodRunner.java:50)
at org.testng.internal.invokers.TestInvoker$MethodInvocationAgent.invoke(TestInvoker.java:945)
at org.testng.internal.invokers.TestInvoker.invokeTestMethods(TestInvoker.java:193)
at org.testng.internal.invokers.TestMethodWorker.invokeTestMethods(TestMethodWorker.java:146)
at org.testng.internal.invokers.TestMethodWorker.run(TestMethodWorker.java:128)
at java.base/java.util.ArrayList.forEach(ArrayList.java:1511)
at org.testng.TestRunner.privateRun(TestRunner.java:808)
at org.testng.TestRunner.run(TestRunner.java:603)
at org.testng.SuiteRunner.runTest(SuiteRunner.java:429)
at org.testng.SuiteRunner.runSequentially(SuiteRunner.java:423)
at org.testng.SuiteRunner.privateRun(SuiteRunner.java:383)
at org.testng.SuiteRunner.run(SuiteRunner.java:326)
at org.testng.SuiteRunnerWorker.runSuite(SuiteRunnerWorker.java:52)
at org.testng.SuiteRunnerWorker.run(SuiteRunnerWorker.java:95)
at org.testng.TestNG.runSuitesSequentially(TestNG.java:1249)
at org.testng.TestNG.runSuitesLocally(TestNG.java:1169)
at org.testng.TestNG.runSuites(TestNG.java:1092)
at org.testng.TestNG.run(TestNG.java:1060)
at org.testng.remote.AbstractRemoteTestNG.run(AbstractRemoteTestNG.java:115)
at org.testng.remote.RemoteTestNG.initAndRun(RemoteTestNG.java:251)
at org.testng.remote.RemoteTestNG.main(RemoteTestNG.java:77)
]]>
    </failure>
  </testcase> <!-- myBank_04 -->
  <system-out>
    <![CDATA[    
Test case 4 Start
Navigate View Accounts Page
 - PASSED : View Account was clicked
Navigate User: Meenakshi as Sender
 - PASSED : Meenakshi was clicked
Processing Transfer of Money with amount: 5000.0
 - PASSED : Transfer Money was clicked
 - FAILED : Insufficient User Balance
 - PASSED : Cancel was clicked
 - PASSED : Yes was clicked
Navigate to Previous page
Navigate Transaction History Page
 - PASSED : History was clicked
Checking Transaction History Page
 Sender : Meenakshi
 Receiver : No User is selected
 Amount : 0.00
 Status : Failed
 - FAILED : Transaction has been cancelled by Meenakshi]]>
  </system-out>
</testsuite> <!-- com.browserstack.FinalExamPOC_MyBank_04 -->
