<?xml version="1.0" encoding="UTF-8"?>
<!-- Generated by org.testng.reporters.JUnitReportReporter -->
<testsuite hostname="COLLABPH1003073" failures="0" tests="1" name="com.myBank.testdata.TestData" time="0.312" errors="0" timestamp="2023-11-22T02:43:27 SGT" skipped="0">
  <testcase classname="com.myBank.testdata.TestData" name="readData" time="0.312"/>
  <system-out/>
</testsuite> <!-- com.myBank.testdata.TestData -->
