<?xml version="1.0" encoding="UTF-8"?>
<!-- Generated by org.testng.reporters.JUnitReportReporter -->
<testsuite hostname="COLLABPH1003073" failures="0" tests="1" name="com.browserstack.FinalExamPOC_MyBank_03" time="40.045" errors="0" timestamp="2023-12-06T05:09:03 SGT" skipped="0">
  <testcase classname="com.browserstack.FinalExamPOC_MyBank_03" name="myBank_03" time="40.045"/>
  <system-out>
    <![CDATA[    
Test case 3 Start
Navigate View Accounts Page
 - PASSED : View Account was clicked
Navigate User: Nikita as Sender
 - PASSED : Nikita was clicked
Processing Transfer of Money
 - PASSED : Transfer Money was clicked
 - PASSED : Send money with amount:500.0
 - PASSED : Send Money was clicked
 - PASSED : Navigate User: Shebon as the Receiver
 - PASSED : Shebon was clicked
 - PASSED : Toast message verified
 - PASSED : Money from Nikita is sent to Shebon with amount of 500.0 is transfered successfully
Test case 3 : Finished
    
    
Test case 4 Start
Navigate Transaction History Page
 - PASSED : History was clicked
Checking Transaction History Page
 Sender  : Nikita
 Receiver  : Shebon
 Amount  : 500.00
 Status : Success
 - PASSED : Transaction : Money with amount of 500.00 from Nikita that sent to Shebon is Displayed in Transaction History Page.
Test case 4 : Finished
    ]]>
  </system-out>
</testsuite> <!-- com.browserstack.FinalExamPOC_MyBank_03 -->
