<?xml version="1.0" encoding="UTF-8"?>
<!-- Generated by org.testng.reporters.JUnitReportReporter -->
<testsuite hostname="COLLABPH1003073" failures="0" tests="1" name="com.browserstack.FinalExamPOC_MyBank_03" time="45.193" errors="0" timestamp="2023-12-13T11:15:38 SGT" skipped="0">
  <testcase classname="com.browserstack.FinalExamPOC_MyBank_03" name="myBank_03" time="45.193"/>
  <system-out>
    <![CDATA[    
Test case 3 Start
Navigate View Accounts Page
 - PASSED : View Account was clicked
Navigate User: Nikita as Sender
 - PASSED : Nikita was clicked
Processing Transfer of Money with amount: 5000.0
 - PASSED : Transfer Money was clicked
 - FAILED : Insufficient User Balance
 - PASSED : Cancel was clicked
 - PASSED : Yes was clicked
Navigate to Previous page
Test case 3 : Finished
    ]]>
  </system-out>
</testsuite> <!-- com.browserstack.FinalExamPOC_MyBank_03 -->
