<?xml version="1.0" encoding="UTF-8"?>
<!-- Generated by org.testng.reporters.JUnitReportReporter -->
<testsuite hostname="COLLABPH1003073" failures="0" tests="1" name="com.myBank.testdata.TestData" time="0.324" errors="0" timestamp="2023-12-04T11:02:25 SGT" skipped="0">
  <testcase classname="com.myBank.testdata.TestData" name="gettest" time="0.324"/>
  <system-out>
    <![CDATA[row value is null]]>
  </system-out>
</testsuite> <!-- com.myBank.testdata.TestData -->
